0 info it worked if it ends with ok
1 verbose cli [ '/usr/local/bin/node', '/usr/local/bin/npm', 'run', 'e2e' ]
2 info using npm@3.10.10
3 info using node@v6.9.5
4 verbose run-script [ 'pree2e', 'e2e', 'poste2e' ]
5 info lifecycle test@1.0.0~pree2e: test@1.0.0
6 silly lifecycle test@1.0.0~pree2e: no script for pree2e, continuing
7 info lifecycle test@1.0.0~e2e: test@1.0.0
8 verbose lifecycle test@1.0.0~e2e: unsafe-perm in lifecycle true
9 verbose lifecycle test@1.0.0~e2e: PATH: /usr/local/lib/node_modules/npm/bin/node-gyp-bin:/Users/mac/Projects/ta_wdio_cucumber/tn_wdio_cucumber/node_modules/.bin:/usr/local/bin:/usr/bin:/bin:/usr/sbin:/sbin:/Library/Frameworks/Mono.framework/Versions/Current/Commands:/Users/mac/bin
10 verbose lifecycle test@1.0.0~e2e: CWD: /Users/mac/Projects/ta_wdio_cucumber/tn_wdio_cucumber
11 silly lifecycle test@1.0.0~e2e: Args: [ '-c', 'wdio ./wdio.conf.js' ]
12 silly lifecycle test@1.0.0~e2e: Returned: code: 1  signal: null
13 info lifecycle test@1.0.0~e2e: Failed to exec e2e script
14 verbose stack Error: test@1.0.0 e2e: `wdio ./wdio.conf.js`
14 verbose stack Exit status 1
14 verbose stack     at EventEmitter.<anonymous> (/usr/local/lib/node_modules/npm/lib/utils/lifecycle.js:255:16)
14 verbose stack     at emitTwo (events.js:106:13)
14 verbose stack     at EventEmitter.emit (events.js:191:7)
14 verbose stack     at ChildProcess.<anonymous> (/usr/local/lib/node_modules/npm/lib/utils/spawn.js:40:14)
14 verbose stack     at emitTwo (events.js:106:13)
14 verbose stack     at ChildProcess.emit (events.js:191:7)
14 verbose stack     at maybeClose (internal/child_process.js:877:16)
14 verbose stack     at Process.ChildProcess._handle.onexit (internal/child_process.js:226:5)
15 verbose pkgid test@1.0.0
16 verbose cwd /Users/mac/Projects/ta_wdio_cucumber/tn_wdio_cucumber
17 error Darwin 17.3.0
18 error argv "/usr/local/bin/node" "/usr/local/bin/npm" "run" "e2e"
19 error node v6.9.5
20 error npm  v3.10.10
21 error code ELIFECYCLE
22 error test@1.0.0 e2e: `wdio ./wdio.conf.js`
22 error Exit status 1
23 error Failed at the test@1.0.0 e2e script 'wdio ./wdio.conf.js'.
23 error Make sure you have the latest version of node.js and npm installed.
23 error If you do, this is most likely a problem with the test package,
23 error not with npm itself.
23 error Tell the author that this fails on your system:
23 error     wdio ./wdio.conf.js
23 error You can get information on how to open an issue for this project with:
23 error     npm bugs test
23 error Or if that isn't available, you can get their info via:
23 error     npm owner ls test
23 error There is likely additional logging output above.
24 verbose exit [ 1, true ]
